<?xml version="1.0" encoding="UTF-8"?>
<!-- Generated by org.testng.reporters.JUnitXMLReporter -->
<testsuite hostname="LAPTOP-ST1QLBOJ" ignored="1" name="Command line test" tests="3" failures="1" timestamp="25 Aug 2020 21:09:26 GMT" time="7.356" errors="0">
  <testcase name="testFacebookDotCom" time="1.249" classname="com.variant.tests.FirstSeleniumTestNgTest"/>
  <testcase name="testGoogleDotCom" time="1.271" classname="com.variant.tests.FirstSeleniumTestNgTest"/>
  <testcase name="runInBrowser" time="0.0" classname="com.variant.tests.MultipleBrowserTest">
    <failure type="org.testng.TestNGException" message="
Parameter &amp;apos;browser&amp;apos; is required by @Test on method runInBrowser but has not been marked @Optional or defined
">
      <![CDATA[org.testng.TestNGException: 
Parameter 'browser' is required by @Test on method runInBrowser but has not been marked @Optional or defined

... Removed 34 stack frames]]>
    </failure>
  </testcase> <!-- runInBrowser -->
  <testcase name="testSomeErrorScenarioCom" time="0.0" classname="com.variant.tests.FirstSeleniumTestNgTest">
    <ignored/>
  </testcase> <!-- testSomeErrorScenarioCom -->
</testsuite> <!-- Command line test -->
